<?xml version="1.0" encoding="UTF-8"?>
<!-- Generated by org.testng.reporters.JUnitReportReporter -->
<testsuite hostname="David" failures="1" tests="9" name="sanity.GrafanaWeb" time="52.854" errors="0" timestamp="2022-12-26T14:32:29 IST" skipped="0">
  <testcase classname="sanity.GrafanaWeb" name="test05_verifyProgressSteps" time="1.128"/>
  <system-out/>
  <testcase classname="sanity.GrafanaWeb" name="test04_verifyUserDeletion" time="2.390"/>
  <system-out/>
  <testcase classname="sanity.GrafanaWeb" name="test03_verifyNewUser" time="5.342"/>
  <system-out/>
  <testcase classname="sanity.GrafanaWeb" name="test07_SearchUsers" time="15.147"/>
  <system-out/>
  <testcase classname="sanity.GrafanaWeb" name="test07_SearchUsers" time="4.640"/>
  <system-out/>
  <testcase classname="sanity.GrafanaWeb" name="test06_verifyAvatarIcon" time="2.315">
    <failure message="Error in Image File: FindFailed: C:\Users\97252\IdeaProjects\untitled\ImageRepository\grafanaAvatar.png: (46x56) in R[0,0 1536x864]@S(0)
  Line 2287, in file Region.java
" type="java.lang.AssertionError">
      <![CDATA[java.lang.AssertionError: Error in Image File: FindFailed: C:\Users\97252\IdeaProjects\untitled\ImageRepository\grafanaAvatar.png: (46x56) in R[0,0 1536x864]@S(0)
  Line 2287, in file Region.java

at org.testng.FileAssert.fail(FileAssert.java:263)
at extentions.verifications.visualElement(verifications.java:41)
at sanity.GrafanaWeb.test06_verifyAvatarIcon(GrafanaWeb.java:60)
at java.base/jdk.internal.reflect.NativeMethodAccessorImpl.invoke0(Native Method)
at java.base/jdk.internal.reflect.NativeMethodAccessorImpl.invoke(NativeMethodAccessorImpl.java:62)
at java.base/jdk.internal.reflect.DelegatingMethodAccessorImpl.invoke(DelegatingMethodAccessorImpl.java:43)
at java.base/java.lang.reflect.Method.invoke(Method.java:566)
at org.testng.internal.MethodInvocationHelper.invokeMethod(MethodInvocationHelper.java:133)
at org.testng.internal.TestInvoker.invokeMethod(TestInvoker.java:598)
at org.testng.internal.TestInvoker.invokeTestMethod(TestInvoker.java:173)
at org.testng.internal.MethodRunner.runInSequence(MethodRunner.java:46)
at org.testng.internal.TestInvoker$MethodInvocationAgent.invoke(TestInvoker.java:824)
at org.testng.internal.TestInvoker.invokeTestMethods(TestInvoker.java:146)
at org.testng.internal.TestMethodWorker.invokeTestMethods(TestMethodWorker.java:146)
at org.testng.internal.TestMethodWorker.run(TestMethodWorker.java:128)
at java.base/java.util.ArrayList.forEach(ArrayList.java:1541)
at org.testng.TestRunner.privateRun(TestRunner.java:794)
at org.testng.TestRunner.run(TestRunner.java:596)
at org.testng.SuiteRunner.runTest(SuiteRunner.java:377)
at org.testng.SuiteRunner.runSequentially(SuiteRunner.java:371)
at org.testng.SuiteRunner.privateRun(SuiteRunner.java:332)
at org.testng.SuiteRunner.run(SuiteRunner.java:276)
at org.testng.SuiteRunnerWorker.runSuite(SuiteRunnerWorker.java:53)
at org.testng.SuiteRunnerWorker.run(SuiteRunnerWorker.java:96)
at org.testng.TestNG.runSuitesSequentially(TestNG.java:1212)
at org.testng.TestNG.runSuitesLocally(TestNG.java:1134)
at org.testng.TestNG.runSuites(TestNG.java:1063)
at org.testng.TestNG.run(TestNG.java:1031)
at org.apache.maven.surefire.testng.TestNGExecutor.run(TestNGExecutor.java:283)
at org.apache.maven.surefire.testng.TestNGXmlTestSuite.execute(TestNGXmlTestSuite.java:75)
at org.apache.maven.surefire.testng.TestNGProvider.invoke(TestNGProvider.java:120)
at org.apache.maven.surefire.booter.ForkedBooter.invokeProviderInSameClassLoader(ForkedBooter.java:384)
at org.apache.maven.surefire.booter.ForkedBooter.runSuitesInProcess(ForkedBooter.java:345)
at org.apache.maven.surefire.booter.ForkedBooter.execute(ForkedBooter.java:126)
at org.apache.maven.surefire.booter.ForkedBooter.main(ForkedBooter.java:418)
]]>
    </failure>
  </testcase> <!-- test06_verifyAvatarIcon -->
  <system-out/>
  <testcase classname="sanity.GrafanaWeb" name="test07_SearchUsers" time="15.111"/>
  <system-out/>
  <testcase classname="sanity.GrafanaWeb" name="test01_verifyHeader" time="4.686"/>
  <system-out/>
  <testcase classname="sanity.GrafanaWeb" name="test02_verifyDefaultUsers" time="2.095"/>
  <system-out/>
</testsuite> <!-- sanity.GrafanaWeb -->
