<?xml version="1.0" encoding="UTF-8"?>
<testng-results ignored="0" total="9" passed="8" failed="1" skipped="0">
  <reporter-output>
  </reporter-output>
  <suite started-at="2022-12-26T14:31:24 IST" name="Web suite" finished-at="2022-12-26T14:32:29 IST" duration-ms="65531">
    <groups>
    </groups>
    <test started-at="2022-12-26T14:31:24 IST" name="Web Tests" finished-at="2022-12-26T14:32:29 IST" duration-ms="65531">
      <class name="sanity.GrafanaWeb">
        <test-method is-config="true" signature="startSession(java.lang.String)[pri:0, instance:sanity.GrafanaWeb@33364212]" started-at="2022-12-26T14:31:24 IST" name="startSession" finished-at="2022-12-26T14:31:34 IST" duration-ms="10339" status="PASS">
          <params>
            <param index="0">
              <value>
                <![CDATA[web]]>
              </value>
            </param>
          </params>
          <reporter-output>
          </reporter-output>
        </test-method> <!-- startSession -->
        <test-method is-config="true" signature="BeforeMethod(java.lang.reflect.Method)[pri:0, instance:sanity.GrafanaWeb@33364212]" started-at="2022-12-26T14:31:34 IST" name="BeforeMethod" finished-at="2022-12-26T14:31:34 IST" duration-ms="222" status="PASS">
          <params>
            <param index="0">
              <value>
                <![CDATA[public void sanity.GrafanaWeb.test01_verifyHeader()]]>
              </value>
            </param>
          </params>
          <reporter-output>
          </reporter-output>
        </test-method> <!-- BeforeMethod -->
        <test-method signature="test01_verifyHeader()[pri:0, instance:sanity.GrafanaWeb@33364212]" started-at="2022-12-26T14:31:34 IST" name="test01_verifyHeader" description="Test01- Verify Header" finished-at="2022-12-26T14:31:38 IST" duration-ms="3648" status="PASS">
          <reporter-output>
          </reporter-output>
        </test-method> <!-- test01_verifyHeader -->
        <test-method is-config="true" signature="afterTest()[pri:0, instance:sanity.GrafanaWeb@33364212]" started-at="2022-12-26T14:31:38 IST" name="afterTest" finished-at="2022-12-26T14:31:39 IST" duration-ms="935" status="PASS">
          <reporter-output>
          </reporter-output>
        </test-method> <!-- afterTest -->
        <test-method is-config="true" signature="BeforeMethod(java.lang.reflect.Method)[pri:0, instance:sanity.GrafanaWeb@33364212]" started-at="2022-12-26T14:31:39 IST" name="BeforeMethod" finished-at="2022-12-26T14:31:39 IST" duration-ms="31" status="PASS">
          <params>
            <param index="0">
              <value>
                <![CDATA[public void sanity.GrafanaWeb.test02_verifyDefaultUsers()]]>
              </value>
            </param>
          </params>
          <reporter-output>
          </reporter-output>
        </test-method> <!-- BeforeMethod -->
        <test-method signature="test02_verifyDefaultUsers()[pri:0, instance:sanity.GrafanaWeb@33364212]" started-at="2022-12-26T14:31:39 IST" name="test02_verifyDefaultUsers" description="Test02- Verify Default Users" finished-at="2022-12-26T14:31:40 IST" duration-ms="938" status="PASS">
          <reporter-output>
          </reporter-output>
        </test-method> <!-- test02_verifyDefaultUsers -->
        <test-method is-config="true" signature="afterTest()[pri:0, instance:sanity.GrafanaWeb@33364212]" started-at="2022-12-26T14:31:40 IST" name="afterTest" finished-at="2022-12-26T14:31:41 IST" duration-ms="916" status="PASS">
          <reporter-output>
          </reporter-output>
        </test-method> <!-- afterTest -->
        <test-method is-config="true" signature="BeforeMethod(java.lang.reflect.Method)[pri:0, instance:sanity.GrafanaWeb@33364212]" started-at="2022-12-26T14:31:41 IST" name="BeforeMethod" finished-at="2022-12-26T14:31:41 IST" duration-ms="22" status="PASS">
          <params>
            <param index="0">
              <value>
                <![CDATA[public void sanity.GrafanaWeb.test03_verifyNewUser()]]>
              </value>
            </param>
          </params>
          <reporter-output>
          </reporter-output>
        </test-method> <!-- BeforeMethod -->
        <test-method signature="test03_verifyNewUser()[pri:0, instance:sanity.GrafanaWeb@33364212]" started-at="2022-12-26T14:31:41 IST" name="test03_verifyNewUser" description="Test03- Verify New Users" finished-at="2022-12-26T14:31:46 IST" duration-ms="4582" status="PASS">
          <reporter-output>
          </reporter-output>
        </test-method> <!-- test03_verifyNewUser -->
        <test-method is-config="true" signature="afterTest()[pri:0, instance:sanity.GrafanaWeb@33364212]" started-at="2022-12-26T14:31:46 IST" name="afterTest" finished-at="2022-12-26T14:31:47 IST" duration-ms="845" status="PASS">
          <reporter-output>
          </reporter-output>
        </test-method> <!-- afterTest -->
        <test-method is-config="true" signature="BeforeMethod(java.lang.reflect.Method)[pri:0, instance:sanity.GrafanaWeb@33364212]" started-at="2022-12-26T14:31:47 IST" name="BeforeMethod" finished-at="2022-12-26T14:31:47 IST" duration-ms="41" status="PASS">
          <params>
            <param index="0">
              <value>
                <![CDATA[public void sanity.GrafanaWeb.test04_verifyUserDeletion()]]>
              </value>
            </param>
          </params>
          <reporter-output>
          </reporter-output>
        </test-method> <!-- BeforeMethod -->
        <test-method signature="test04_verifyUserDeletion()[pri:0, instance:sanity.GrafanaWeb@33364212]" started-at="2022-12-26T14:31:47 IST" name="test04_verifyUserDeletion" description="Test04- Verify user Deletion" finished-at="2022-12-26T14:31:49 IST" duration-ms="1568" status="PASS">
          <reporter-output>
          </reporter-output>
        </test-method> <!-- test04_verifyUserDeletion -->
        <test-method is-config="true" signature="afterTest()[pri:0, instance:sanity.GrafanaWeb@33364212]" started-at="2022-12-26T14:31:49 IST" name="afterTest" finished-at="2022-12-26T14:31:50 IST" duration-ms="799" status="PASS">
          <reporter-output>
          </reporter-output>
        </test-method> <!-- afterTest -->
        <test-method is-config="true" signature="BeforeMethod(java.lang.reflect.Method)[pri:0, instance:sanity.GrafanaWeb@33364212]" started-at="2022-12-26T14:31:50 IST" name="BeforeMethod" finished-at="2022-12-26T14:31:50 IST" duration-ms="13" status="PASS">
          <params>
            <param index="0">
              <value>
                <![CDATA[public void sanity.GrafanaWeb.test05_verifyProgressSteps()]]>
              </value>
            </param>
          </params>
          <reporter-output>
          </reporter-output>
        </test-method> <!-- BeforeMethod -->
        <test-method signature="test05_verifyProgressSteps()[pri:0, instance:sanity.GrafanaWeb@33364212]" started-at="2022-12-26T14:31:50 IST" name="test05_verifyProgressSteps" description="Test05- Verify Progress Steps" finished-at="2022-12-26T14:31:50 IST" duration-ms="118" status="PASS">
          <reporter-output>
          </reporter-output>
        </test-method> <!-- test05_verifyProgressSteps -->
        <test-method is-config="true" signature="afterTest()[pri:0, instance:sanity.GrafanaWeb@33364212]" started-at="2022-12-26T14:31:50 IST" name="afterTest" finished-at="2022-12-26T14:31:51 IST" duration-ms="756" status="PASS">
          <reporter-output>
          </reporter-output>
        </test-method> <!-- afterTest -->
        <test-method is-config="true" signature="BeforeMethod(java.lang.reflect.Method)[pri:0, instance:sanity.GrafanaWeb@33364212]" started-at="2022-12-26T14:31:51 IST" name="BeforeMethod" finished-at="2022-12-26T14:31:51 IST" duration-ms="23" status="PASS">
          <params>
            <param index="0">
              <value>
                <![CDATA[public void sanity.GrafanaWeb.test06_verifyAvatarIcon() throws java.lang.Exception]]>
              </value>
            </param>
          </params>
          <reporter-output>
          </reporter-output>
        </test-method> <!-- BeforeMethod -->
        <test-method signature="test06_verifyAvatarIcon()[pri:0, instance:sanity.GrafanaWeb@33364212]" started-at="2022-12-26T14:31:51 IST" name="test06_verifyAvatarIcon" description="Test06- Verify Avatar Icon" finished-at="2022-12-26T14:31:52 IST" duration-ms="1457" status="FAIL">
          <exception class="java.lang.AssertionError">
            <message>
              <![CDATA[Error in Image File: FindFailed: C:\Users\97252\IdeaProjects\untitled\ImageRepository\grafanaAvatar.png: (46x56) in R[0,0 1536x864]@S(0)
  Line 2287, in file Region.java
]]>
            </message>
            <full-stacktrace>
              <![CDATA[java.lang.AssertionError: Error in Image File: FindFailed: C:\Users\97252\IdeaProjects\untitled\ImageRepository\grafanaAvatar.png: (46x56) in R[0,0 1536x864]@S(0)
  Line 2287, in file Region.java

at org.testng.FileAssert.fail(FileAssert.java:263)
at extentions.verifications.visualElement(verifications.java:41)
at sanity.GrafanaWeb.test06_verifyAvatarIcon(GrafanaWeb.java:60)
at java.base/jdk.internal.reflect.NativeMethodAccessorImpl.invoke0(Native Method)
at java.base/jdk.internal.reflect.NativeMethodAccessorImpl.invoke(NativeMethodAccessorImpl.java:62)
at java.base/jdk.internal.reflect.DelegatingMethodAccessorImpl.invoke(DelegatingMethodAccessorImpl.java:43)
at java.base/java.lang.reflect.Method.invoke(Method.java:566)
at org.testng.internal.MethodInvocationHelper.invokeMethod(MethodInvocationHelper.java:133)
at org.testng.internal.TestInvoker.invokeMethod(TestInvoker.java:598)
at org.testng.internal.TestInvoker.invokeTestMethod(TestInvoker.java:173)
at org.testng.internal.MethodRunner.runInSequence(MethodRunner.java:46)
at org.testng.internal.TestInvoker$MethodInvocationAgent.invoke(TestInvoker.java:824)
at org.testng.internal.TestInvoker.invokeTestMethods(TestInvoker.java:146)
at org.testng.internal.TestMethodWorker.invokeTestMethods(TestMethodWorker.java:146)
at org.testng.internal.TestMethodWorker.run(TestMethodWorker.java:128)
at java.base/java.util.ArrayList.forEach(ArrayList.java:1541)
at org.testng.TestRunner.privateRun(TestRunner.java:794)
at org.testng.TestRunner.run(TestRunner.java:596)
at org.testng.SuiteRunner.runTest(SuiteRunner.java:377)
at org.testng.SuiteRunner.runSequentially(SuiteRunner.java:371)
at org.testng.SuiteRunner.privateRun(SuiteRunner.java:332)
at org.testng.SuiteRunner.run(SuiteRunner.java:276)
at org.testng.SuiteRunnerWorker.runSuite(SuiteRunnerWorker.java:53)
at org.testng.SuiteRunnerWorker.run(SuiteRunnerWorker.java:96)
at org.testng.TestNG.runSuitesSequentially(TestNG.java:1212)
at org.testng.TestNG.runSuitesLocally(TestNG.java:1134)
at org.testng.TestNG.runSuites(TestNG.java:1063)
at org.testng.TestNG.run(TestNG.java:1031)
at org.apache.maven.surefire.testng.TestNGExecutor.run(TestNGExecutor.java:283)
at org.apache.maven.surefire.testng.TestNGXmlTestSuite.execute(TestNGXmlTestSuite.java:75)
at org.apache.maven.surefire.testng.TestNGProvider.invoke(TestNGProvider.java:120)
at org.apache.maven.surefire.booter.ForkedBooter.invokeProviderInSameClassLoader(ForkedBooter.java:384)
at org.apache.maven.surefire.booter.ForkedBooter.runSuitesInProcess(ForkedBooter.java:345)
at org.apache.maven.surefire.booter.ForkedBooter.execute(ForkedBooter.java:126)
at org.apache.maven.surefire.booter.ForkedBooter.main(ForkedBooter.java:418)
]]>
            </full-stacktrace>
          </exception> <!-- java.lang.AssertionError -->
          <reporter-output>
          </reporter-output>
        </test-method> <!-- test06_verifyAvatarIcon -->
        <test-method is-config="true" signature="afterTest()[pri:0, instance:sanity.GrafanaWeb@33364212]" started-at="2022-12-26T14:31:52 IST" name="afterTest" finished-at="2022-12-26T14:31:53 IST" duration-ms="729" status="PASS">
          <reporter-output>
          </reporter-output>
        </test-method> <!-- afterTest -->
        <test-method is-config="true" signature="BeforeMethod(java.lang.reflect.Method)[pri:0, instance:sanity.GrafanaWeb@33364212]" started-at="2022-12-26T14:31:53 IST" name="BeforeMethod" finished-at="2022-12-26T14:31:53 IST" duration-ms="13" status="PASS">
          <params>
            <param index="0">
              <value>
                <![CDATA[public void sanity.GrafanaWeb.test07_SearchUsers(java.lang.String,java.lang.String)]]>
              </value>
            </param>
          </params>
          <reporter-output>
          </reporter-output>
        </test-method> <!-- BeforeMethod -->
        <test-method signature="test07_SearchUsers(java.lang.String,java.lang.String)[pri:0, instance:sanity.GrafanaWeb@33364212]" started-at="2022-12-26T14:31:53 IST" name="test07_SearchUsers" description="Test07- Search Users" data-provider="data-provider-users" finished-at="2022-12-26T14:32:07 IST" duration-ms="14195" status="PASS">
          <params>
            <param index="0">
              <value>
                <![CDATA[Davidf]]>
              </value>
            </param>
            <param index="1">
              <value>
                <![CDATA[notExist]]>
              </value>
            </param>
          </params>
          <reporter-output>
          </reporter-output>
        </test-method> <!-- test07_SearchUsers -->
        <test-method is-config="true" signature="afterTest()[pri:0, instance:sanity.GrafanaWeb@33364212]" started-at="2022-12-26T14:32:08 IST" name="afterTest" finished-at="2022-12-26T14:32:09 IST" duration-ms="994" status="PASS">
          <reporter-output>
          </reporter-output>
        </test-method> <!-- afterTest -->
        <test-method is-config="true" signature="BeforeMethod(java.lang.reflect.Method)[pri:0, instance:sanity.GrafanaWeb@33364212]" started-at="2022-12-26T14:32:09 IST" name="BeforeMethod" finished-at="2022-12-26T14:32:09 IST" duration-ms="36" status="PASS">
          <params>
            <param index="0">
              <value>
                <![CDATA[public void sanity.GrafanaWeb.test07_SearchUsers(java.lang.String,java.lang.String)]]>
              </value>
            </param>
          </params>
          <reporter-output>
          </reporter-output>
        </test-method> <!-- BeforeMethod -->
        <test-method signature="test07_SearchUsers(java.lang.String,java.lang.String)[pri:0, instance:sanity.GrafanaWeb@33364212]" started-at="2022-12-26T14:32:09 IST" name="test07_SearchUsers" description="Test07- Search Users" data-provider="data-provider-users" finished-at="2022-12-26T14:32:12 IST" duration-ms="3871" status="PASS">
          <params>
            <param index="0">
              <value>
                <![CDATA[admin]]>
              </value>
            </param>
            <param index="1">
              <value>
                <![CDATA[exist]]>
              </value>
            </param>
          </params>
          <reporter-output>
          </reporter-output>
        </test-method> <!-- test07_SearchUsers -->
        <test-method is-config="true" signature="afterTest()[pri:0, instance:sanity.GrafanaWeb@33364212]" started-at="2022-12-26T14:32:13 IST" name="afterTest" finished-at="2022-12-26T14:32:14 IST" duration-ms="997" status="PASS">
          <reporter-output>
          </reporter-output>
        </test-method> <!-- afterTest -->
        <test-method is-config="true" signature="BeforeMethod(java.lang.reflect.Method)[pri:0, instance:sanity.GrafanaWeb@33364212]" started-at="2022-12-26T14:32:14 IST" name="BeforeMethod" finished-at="2022-12-26T14:32:14 IST" duration-ms="16" status="PASS">
          <params>
            <param index="0">
              <value>
                <![CDATA[public void sanity.GrafanaWeb.test07_SearchUsers(java.lang.String,java.lang.String)]]>
              </value>
            </param>
          </params>
          <reporter-output>
          </reporter-output>
        </test-method> <!-- BeforeMethod -->
        <test-method signature="test07_SearchUsers(java.lang.String,java.lang.String)[pri:0, instance:sanity.GrafanaWeb@33364212]" started-at="2022-12-26T14:32:14 IST" name="test07_SearchUsers" description="Test07- Search Users" data-provider="data-provider-users" finished-at="2022-12-26T14:32:28 IST" duration-ms="14295" status="PASS">
          <params>
            <param index="0">
              <value>
                <![CDATA[avivit]]>
              </value>
            </param>
            <param index="1">
              <value>
                <![CDATA[notExist]]>
              </value>
            </param>
          </params>
          <reporter-output>
          </reporter-output>
        </test-method> <!-- test07_SearchUsers -->
        <test-method is-config="true" signature="afterTest()[pri:0, instance:sanity.GrafanaWeb@33364212]" started-at="2022-12-26T14:32:28 IST" name="afterTest" finished-at="2022-12-26T14:32:29 IST" duration-ms="794" status="PASS">
          <reporter-output>
          </reporter-output>
        </test-method> <!-- afterTest -->
        <test-method is-config="true" signature="stopSession()[pri:0, instance:sanity.GrafanaWeb@33364212]" started-at="2022-12-26T14:32:29 IST" name="stopSession" finished-at="2022-12-26T14:32:29 IST" duration-ms="289" status="PASS">
          <reporter-output>
          </reporter-output>
        </test-method> <!-- stopSession -->
      </class> <!-- sanity.GrafanaWeb -->
    </test> <!-- Web Tests -->
  </suite> <!-- Web suite -->
</testng-results>
