<?xml version="1.0" encoding="UTF-8"?>
<!-- Generated by org.testng.reporters.JUnitXMLReporter -->
<testsuite ignored="0" hostname="David" failures="1" tests="9" name="Web Tests" time="65.531" errors="0" timestamp="2022-12-26T14:32:29 IST">
  <testcase classname="sanity.GrafanaWeb" name="test01_verifyHeader" time="3.648"/>
  <testcase classname="sanity.GrafanaWeb" name="test02_verifyDefaultUsers" time="0.938"/>
  <testcase classname="sanity.GrafanaWeb" name="test03_verifyNewUser" time="4.582"/>
  <testcase classname="sanity.GrafanaWeb" name="test04_verifyUserDeletion" time="1.568"/>
  <testcase classname="sanity.GrafanaWeb" name="test05_verifyProgressSteps" time="0.118"/>
  <testcase classname="sanity.GrafanaWeb" name="test06_verifyAvatarIcon" time="1.457">
    <failure type="java.lang.AssertionError" message="Error in Image File: FindFailed: C:\Users\97252\IdeaProjects\untitled\ImageRepository\grafanaAvatar.png: (46x56) in R[0,0 1536x864]@S(0)
  Line 2287, in file Region.java
">
      <![CDATA[java.lang.AssertionError: Error in Image File: FindFailed: C:\Users\97252\IdeaProjects\untitled\ImageRepository\grafanaAvatar.png: (46x56) in R[0,0 1536x864]@S(0)
  Line 2287, in file Region.java

at extentions.verifications.visualElement(verifications.java:41)
at sanity.GrafanaWeb.test06_verifyAvatarIcon(GrafanaWeb.java:60)
at java.base/java.util.ArrayList.forEach(ArrayList.java:1541)
... Removed 32 stack frames]]>
    </failure>
  </testcase> <!-- test06_verifyAvatarIcon -->
  <testcase classname="sanity.GrafanaWeb" name="test07_SearchUsers" time="14.195"/>
  <testcase classname="sanity.GrafanaWeb" name="test07_SearchUsers" time="3.871"/>
  <testcase classname="sanity.GrafanaWeb" name="test07_SearchUsers" time="14.295"/>
</testsuite> <!-- Web Tests -->
