{"uid":"ee208c49d3551854","name":"Test06- Verify Avatar Icon","fullName":"sanity.GrafanaWeb.test06_verifyAvatarIcon","historyId":"e50b56b6ece40f15712a479dfdd59779","time":{"start":1672057911182,"stop":1672057912951,"duration":1769},"description":"This Test verifies the Avatar Image Using Sikuli tool","descriptionHtml":"<p>This Test verifies the Avatar Image Using Sikuli tool</p>\n","status":"failed","statusMessage":"Error in Image File: FindFailed: C:\\Users\\97252\\IdeaProjects\\untitled\\ImageRepository\\grafanaAvatar.png: (46x56) in R[0,0 1536x864]@S(0)\n  Line 2287, in file Region.java\n","statusTrace":"java.lang.AssertionError: Error in Image File: FindFailed: C:\\Users\\97252\\IdeaProjects\\untitled\\ImageRepository\\grafanaAvatar.png: (46x56) in R[0,0 1536x864]@S(0)\n  Line 2287, in file Region.java\n\r\n\tat org.testng.FileAssert.fail(FileAssert.java:263)\r\n\tat extentions.verifications.visualElement(verifications.java:41)\r\n\tat sanity.GrafanaWeb.test06_verifyAvatarIcon(GrafanaWeb.java:60)\r\n\tat java.base/jdk.internal.reflect.NativeMethodAccessorImpl.invoke0(Native Method)\r\n\tat java.base/jdk.internal.reflect.NativeMethodAccessorImpl.invoke(NativeMethodAccessorImpl.java:62)\r\n\tat java.base/jdk.internal.reflect.DelegatingMethodAccessorImpl.invoke(DelegatingMethodAccessorImpl.java:43)\r\n\tat java.base/java.lang.reflect.Method.invoke(Method.java:566)\r\n\tat org.testng.internal.MethodInvocationHelper.invokeMethod(MethodInvocationHelper.java:133)\r\n\tat org.testng.internal.TestInvoker.invokeMethod(TestInvoker.java:598)\r\n\tat org.testng.internal.TestInvoker.invokeTestMethod(TestInvoker.java:173)\r\n\tat org.testng.internal.MethodRunner.runInSequence(MethodRunner.java:46)\r\n\tat org.testng.internal.TestInvoker$MethodInvocationAgent.invoke(TestInvoker.java:824)\r\n\tat org.testng.internal.TestInvoker.invokeTestMethods(TestInvoker.java:146)\r\n\tat org.testng.internal.TestMethodWorker.invokeTestMethods(TestMethodWorker.java:146)\r\n\tat org.testng.internal.TestMethodWorker.run(TestMethodWorker.java:128)\r\n\tat java.base/java.util.ArrayList.forEach(ArrayList.java:1541)\r\n\tat org.testng.TestRunner.privateRun(TestRunner.java:794)\r\n\tat org.testng.TestRunner.run(TestRunner.java:596)\r\n\tat org.testng.SuiteRunner.runTest(SuiteRunner.java:377)\r\n\tat org.testng.SuiteRunner.runSequentially(SuiteRunner.java:371)\r\n\tat org.testng.SuiteRunner.privateRun(SuiteRunner.java:332)\r\n\tat org.testng.SuiteRunner.run(SuiteRunner.java:276)\r\n\tat org.testng.SuiteRunnerWorker.runSuite(SuiteRunnerWorker.java:53)\r\n\tat org.testng.SuiteRunnerWorker.run(SuiteRunnerWorker.java:96)\r\n\tat org.testng.TestNG.runSuitesSequentially(TestNG.java:1212)\r\n\tat org.testng.TestNG.runSuitesLocally(TestNG.java:1134)\r\n\tat org.testng.TestNG.runSuites(TestNG.java:1063)\r\n\tat org.testng.TestNG.run(TestNG.java:1031)\r\n\tat org.apache.maven.surefire.testng.TestNGExecutor.run(TestNGExecutor.java:283)\r\n\tat org.apache.maven.surefire.testng.TestNGXmlTestSuite.execute(TestNGXmlTestSuite.java:75)\r\n\tat org.apache.maven.surefire.testng.TestNGProvider.invoke(TestNGProvider.java:120)\r\n\tat org.apache.maven.surefire.booter.ForkedBooter.invokeProviderInSameClassLoader(ForkedBooter.java:384)\r\n\tat org.apache.maven.surefire.booter.ForkedBooter.runSuitesInProcess(ForkedBooter.java:345)\r\n\tat org.apache.maven.surefire.booter.ForkedBooter.execute(ForkedBooter.java:126)\r\n\tat org.apache.maven.surefire.booter.ForkedBooter.main(ForkedBooter.java:418)\r\n","flaky":true,"newFailed":false,"newBroken":false,"newPassed":false,"retriesCount":23,"retriesStatusChange":true,"beforeStages":[{"name":"startSession","time":{"start":1672057884214,"stop":1672057894528,"duration":10314},"description":"","status":"passed","steps":[],"attachments":[],"parameters":[],"hasContent":false,"stepsCount":0,"shouldDisplayMessage":false,"attachmentsCount":0},{"name":"BeforeMethod","time":{"start":1672057911148,"stop":1672057911170,"duration":22},"description":"","status":"passed","steps":[],"attachments":[],"parameters":[],"hasContent":false,"stepsCount":0,"shouldDisplayMessage":false,"attachmentsCount":0}],"testStage":{"description":"This Test verifies the Avatar Image Using Sikuli tool","status":"failed","statusMessage":"Error in Image File: FindFailed: C:\\Users\\97252\\IdeaProjects\\untitled\\ImageRepository\\grafanaAvatar.png: (46x56) in R[0,0 1536x864]@S(0)\n  Line 2287, in file Region.java\n","statusTrace":"java.lang.AssertionError: Error in Image File: FindFailed: C:\\Users\\97252\\IdeaProjects\\untitled\\ImageRepository\\grafanaAvatar.png: (46x56) in R[0,0 1536x864]@S(0)\n  Line 2287, in file Region.java\n\r\n\tat org.testng.FileAssert.fail(FileAssert.java:263)\r\n\tat extentions.verifications.visualElement(verifications.java:41)\r\n\tat sanity.GrafanaWeb.test06_verifyAvatarIcon(GrafanaWeb.java:60)\r\n\tat java.base/jdk.internal.reflect.NativeMethodAccessorImpl.invoke0(Native Method)\r\n\tat java.base/jdk.internal.reflect.NativeMethodAccessorImpl.invoke(NativeMethodAccessorImpl.java:62)\r\n\tat java.base/jdk.internal.reflect.DelegatingMethodAccessorImpl.invoke(DelegatingMethodAccessorImpl.java:43)\r\n\tat java.base/java.lang.reflect.Method.invoke(Method.java:566)\r\n\tat org.testng.internal.MethodInvocationHelper.invokeMethod(MethodInvocationHelper.java:133)\r\n\tat org.testng.internal.TestInvoker.invokeMethod(TestInvoker.java:598)\r\n\tat org.testng.internal.TestInvoker.invokeTestMethod(TestInvoker.java:173)\r\n\tat org.testng.internal.MethodRunner.runInSequence(MethodRunner.java:46)\r\n\tat org.testng.internal.TestInvoker$MethodInvocationAgent.invoke(TestInvoker.java:824)\r\n\tat org.testng.internal.TestInvoker.invokeTestMethods(TestInvoker.java:146)\r\n\tat org.testng.internal.TestMethodWorker.invokeTestMethods(TestMethodWorker.java:146)\r\n\tat org.testng.internal.TestMethodWorker.run(TestMethodWorker.java:128)\r\n\tat java.base/java.util.ArrayList.forEach(ArrayList.java:1541)\r\n\tat org.testng.TestRunner.privateRun(TestRunner.java:794)\r\n\tat org.testng.TestRunner.run(TestRunner.java:596)\r\n\tat org.testng.SuiteRunner.runTest(SuiteRunner.java:377)\r\n\tat org.testng.SuiteRunner.runSequentially(SuiteRunner.java:371)\r\n\tat org.testng.SuiteRunner.privateRun(SuiteRunner.java:332)\r\n\tat org.testng.SuiteRunner.run(SuiteRunner.java:276)\r\n\tat org.testng.SuiteRunnerWorker.runSuite(SuiteRunnerWorker.java:53)\r\n\tat org.testng.SuiteRunnerWorker.run(SuiteRunnerWorker.java:96)\r\n\tat org.testng.TestNG.runSuitesSequentially(TestNG.java:1212)\r\n\tat org.testng.TestNG.runSuitesLocally(TestNG.java:1134)\r\n\tat org.testng.TestNG.runSuites(TestNG.java:1063)\r\n\tat org.testng.TestNG.run(TestNG.java:1031)\r\n\tat org.apache.maven.surefire.testng.TestNGExecutor.run(TestNGExecutor.java:283)\r\n\tat org.apache.maven.surefire.testng.TestNGXmlTestSuite.execute(TestNGXmlTestSuite.java:75)\r\n\tat org.apache.maven.surefire.testng.TestNGProvider.invoke(TestNGProvider.java:120)\r\n\tat org.apache.maven.surefire.booter.ForkedBooter.invokeProviderInSameClassLoader(ForkedBooter.java:384)\r\n\tat org.apache.maven.surefire.booter.ForkedBooter.runSuitesInProcess(ForkedBooter.java:345)\r\n\tat org.apache.maven.surefire.booter.ForkedBooter.execute(ForkedBooter.java:126)\r\n\tat org.apache.maven.surefire.booter.ForkedBooter.main(ForkedBooter.java:418)\r\n","steps":[],"attachments":[{"uid":"9ac39bb79cff6a82","name":"Page screen-shot","source":"9ac39bb79cff6a82.png","type":"image/png","size":106876}],"parameters":[],"hasContent":true,"stepsCount":0,"shouldDisplayMessage":true,"attachmentsCount":1},"afterStages":[{"name":"afterTest","time":{"start":1672057912954,"stop":1672057913684,"duration":730},"description":"","status":"passed","steps":[],"attachments":[],"parameters":[],"hasContent":false,"stepsCount":0,"shouldDisplayMessage":false,"attachmentsCount":0},{"name":"stopSession","time":{"start":1672057949381,"stop":1672057949669,"duration":288},"description":"","status":"passed","steps":[],"attachments":[],"parameters":[],"hasContent":false,"stepsCount":0,"shouldDisplayMessage":false,"attachmentsCount":0}],"labels":[{"name":"package","value":"sanity.GrafanaWeb"},{"name":"testClass","value":"sanity.GrafanaWeb"},{"name":"testMethod","value":"test06_verifyAvatarIcon"},{"name":"parentSuite","value":"Web suite"},{"name":"suite","value":"Web Tests"},{"name":"subSuite","value":"sanity.GrafanaWeb"},{"name":"host","value":"David"},{"name":"thread","value":"24032@David.main(1)"},{"name":"framework","value":"testng"},{"name":"language","value":"java"},{"name":"resultFormat","value":"allure2"}],"parameters":[{"name":"PlatformName","value":"web"}],"links":[],"hidden":false,"retry":false,"extra":{"severity":"normal","retries":[{"uid":"17bf6cd42c053f10","status":"passed","time":{"start":1672055724157,"stop":1672055725730,"duration":1573}},{"uid":"15b160de44a663da","status":"failed","statusDetails":"Error in Image File: FindFailed: C:\\Users\\97252\\IdeaProjects\\untitled\\ImageRepository\\grafanaAvatar.png: (46x56) in R[0,0 1536x864]@S(0)\n  Line 2287, in file Region.java\n","time":{"start":1671698603913,"stop":1671698606661,"duration":2748}},{"uid":"22c24678baa8ec12","status":"failed","statusDetails":"Error in Image File: FindFailed: C:\\Users\\97252\\IdeaProjects\\untitled\\ImageRepository\\grafanaAvatar.png: (46x56) in R[0,0 1536x864]@S(0)\n  Line 2287, in file Region.java\n","time":{"start":1671697324717,"stop":1671697326296,"duration":1579}},{"uid":"2cd585bee92b9c36","status":"passed","time":{"start":1671654788879,"stop":1671654790451,"duration":1572}},{"uid":"17f9f984a8f21ab1","status":"failed","statusDetails":"Error in Image File: FindFailed: C:\\Users\\97252\\IdeaProjects\\untitled\\ImageRepository\\grafanaAvatar.png: (46x56) in R[0,0 1536x864]@S(0)\n  Line 2287, in file Region.java\n","time":{"start":1671481265455,"stop":1671481267513,"duration":2058}},{"uid":"8b8d5097088da63b","status":"passed","time":{"start":1671480563750,"stop":1671480565892,"duration":2142}},{"uid":"e33fa026b978265d","status":"passed","time":{"start":1671480154153,"stop":1671480155790,"duration":1637}},{"uid":"3e8c23ed1e4bc471","status":"passed","time":{"start":1671436107987,"stop":1671436110128,"duration":2141}},{"uid":"4f310f9f090e927e","status":"failed","statusDetails":"Error in Image File: FindFailed: C:\\Users\\97252\\IdeaProjects\\untitled\\ImageRepository\\grafanaAvatar.png: (46x56) in R[0,0 1536x864]@S(0)\n  Line 2287, in file Region.java\n","time":{"start":1671435955448,"stop":1671435957726,"duration":2278}},{"uid":"ad6d3a611b240012","status":"failed","statusDetails":"Error in Image File: FindFailed: C:\\Users\\97252\\IdeaProjects\\untitled\\ImageRepository\\grafanaAvatar.png: (46x56) in R[0,0 1536x864]@S(0)\n  Line 2287, in file Region.java\n","time":{"start":1671435877996,"stop":1671435880731,"duration":2735}},{"uid":"83953701fcab1e2d","status":"failed","statusDetails":"Error in Image File: FindFailed: C:\\Users\\97252\\IdeaProjects\\untitled\\ImageRepository\\grafanaAvatar.png: (46x56) in R[0,0 1536x864]@S(0)\n  Line 2287, in file Region.java\n","time":{"start":1671435805332,"stop":1671435807947,"duration":2615}},{"uid":"b9a6d3801b0b6b15","status":"failed","statusDetails":"Error in Image File: FindFailed: C:\\Users\\97252\\IdeaProjects\\untitled\\ImageRepository\\grafanaAvatar.png: (46x56) in R[0,0 1536x864]@S(0)\n  Line 2287, in file Region.java\n","time":{"start":1671435684020,"stop":1671435686158,"duration":2138}},{"uid":"22a337c7575a608e","status":"failed","statusDetails":"Error in Image File: FindFailed: C:\\Users\\97252\\IdeaProjects\\untitled\\ImageRepository\\grafanaAvatar.png: (46x56) in R[0,0 1536x864]@S(0)\n  Line 2287, in file Region.java\n","time":{"start":1671435613985,"stop":1671435616794,"duration":2809}},{"uid":"b52f55ad9b442cdf","status":"failed","statusDetails":"Error in Image File: FindFailed: C:\\Users\\97252\\IdeaProjects\\untitled\\ImageRepository\\grafanaAvatar.png: (46x56) in R[0,0 1536x864]@S(0)\n  Line 2287, in file Region.java\n","time":{"start":1671435543114,"stop":1671435545450,"duration":2336}},{"uid":"eb70d093d476b8c6","status":"failed","statusDetails":"Error in Image File: FindFailed: C:\\Users\\97252\\IdeaProjects\\untitled\\ImageRepository\\grafanaAvatar.png: (46x56) in R[0,0 1536x864]@S(0)\n  Line 2287, in file Region.java\n","time":{"start":1671435473953,"stop":1671435476372,"duration":2419}},{"uid":"d1c0de5b180d8242","status":"failed","statusDetails":"Error in Image File: FindFailed: C:\\Users\\97252\\IdeaProjects\\untitled\\ImageRepository\\grafanaAvatar.png: (46x56) in R[0,0 1536x864]@S(0)\n  Line 2287, in file Region.java\n","time":{"start":1671435401983,"stop":1671435404612,"duration":2629}},{"uid":"bebc2e1d10a60c0d","status":"failed","statusDetails":"Error in Image File: FindFailed: C:\\Users\\97252\\IdeaProjects\\untitled\\ImageRepository\\grafanaAvatar.png: (46x56) in R[0,0 1536x864]@S(0)\n  Line 2287, in file Region.java\n","time":{"start":1671435333468,"stop":1671435336836,"duration":3368}},{"uid":"72405ad9243f06e","status":"passed","time":{"start":1671435216072,"stop":1671435218674,"duration":2602}},{"uid":"47975d9200467787","status":"passed","time":{"start":1671399918323,"stop":1671399920736,"duration":2413}},{"uid":"40479d1936ff14c8","status":"skipped","statusDetails":"unknown error: net::ERR_CONNECTION_REFUSED\n  (Session info: chrome=108.0.5359.125)\nBuild info: version: '3.141.59', revision: 'e82be7d358', time: '2018-11-14T08:17:03'\nSystem info: host: 'DAVID', ip: '10.0.0.9', os.name: 'Windows 11', os.arch: 'amd64', os.version: '10.0', java.version: '11.0.16.1'\nDriver info: org.openqa.selenium.chrome.ChromeDriver\nCapabilities {acceptInsecureCerts: false, browserName: chrome, browserVersion: 108.0.5359.125, chrome: {chromedriverVersion: 108.0.5359.71 (1e0e3868ee06..., userDataDir: C:\\Users\\97252\\AppData\\Loca...}, goog:chromeOptions: {debuggerAddress: localhost:50283}, javascriptEnabled: true, networkConnectionEnabled: false, pageLoadStrategy: normal, platform: WINDOWS, platformName: WINDOWS, proxy: Proxy(), setWindowRect: true, strictFileInteractability: false, timeouts: {implicit: 0, pageLoad: 300000, script: 30000}, unhandledPromptBehavior: dismiss and notify, webauthn:extension:credBlob: true, webauthn:extension:largeBlob: true, webauthn:virtualAuthenticators: true}\nSession ID: c6ad759db160688fda6f090e33138075","time":{"start":1671399860284,"stop":1671399860285,"duration":1}},{"uid":"be069a1970d85784","status":"passed","time":{"start":1671392922401,"stop":1671392924221,"duration":1820}},{"uid":"2accae8c43b11b35","status":"passed","time":{"start":1671352275058,"stop":1671352276459,"duration":1401}},{"uid":"2930768a4eb893af","status":"passed","time":{"start":1671098881331,"stop":1671098883961,"duration":2630}}],"categories":[{"name":"Product defects","matchedStatuses":[],"flaky":false}],"history":{"statistic":{"failed":4,"broken":0,"skipped":0,"passed":2,"unknown":0,"total":6},"items":[{"uid":"9a479ced9e7ac6c4","reportUrl":"http://localhost:9090/job/Sanity%20Tests%20Web/22/allure/#testresult/9a479ced9e7ac6c4","status":"failed","statusDetails":"Error in Image File: FindFailed: C:\\Users\\97252\\IdeaProjects\\untitled\\ImageRepository\\grafanaAvatar.png: (46x56) in R[0,0 1536x864]@S(0)\n  Line 2287, in file Region.java\n","time":{"start":1671698603913,"stop":1671698606661,"duration":2748}},{"uid":"424a0d735b488bb9","reportUrl":"http://localhost:9090/job/Sanity%20Tests%20Web/21/allure/#testresult/424a0d735b488bb9","status":"failed","statusDetails":"Error in Image File: FindFailed: C:\\Users\\97252\\IdeaProjects\\untitled\\ImageRepository\\grafanaAvatar.png: (46x56) in R[0,0 1536x864]@S(0)\n  Line 2287, in file Region.java\n","time":{"start":1671697324717,"stop":1671697326296,"duration":1579}},{"uid":"f8d4373a92967004","reportUrl":"http://localhost:9090/job/Sanity%20Tests%20Web/20/allure/#testresult/f8d4373a92967004","status":"passed","time":{"start":1671654788879,"stop":1671654790451,"duration":1572}},{"uid":"33a11fd00108f8e1","reportUrl":"http://localhost:9090/job/Sanity%20Tests%20Web/19/allure/#testresult/33a11fd00108f8e1","status":"failed","statusDetails":"Error in Image File: FindFailed: C:\\Users\\97252\\IdeaProjects\\untitled\\ImageRepository\\grafanaAvatar.png: (46x56) in R[0,0 1536x864]@S(0)\n  Line 2287, in file Region.java\n","time":{"start":1671481265455,"stop":1671481267513,"duration":2058}},{"uid":"1bac24fb25eef919","reportUrl":"http://localhost:9090/job/Sanity%20Tests%20Web/18/allure/#testresult/1bac24fb25eef919","status":"passed","time":{"start":1671480563750,"stop":1671480565892,"duration":2142}}]},"tags":[]},"source":"ee208c49d3551854.json","parameterValues":["web"]}